<?xml version="1.0" encoding="UTF-8"?>
<!-- Generated by org.testng.reporters.JUnitReportReporter -->
<testsuite hostname="DESKTOP-40P37EV" failures="0" tests="3" name="Practice.sample_Test" time="0.013" errors="0" timestamp="2022-01-26T19:15:18 IST" skipped="0">
  <testcase classname="Practice.sample_Test" name="ModifySampleTest" time="0.001"/>
  <system-out/>
  <testcase classname="Practice.sample_Test" name="CreateSampleTest" time="0.001"/>
  <system-out/>
  <testcase classname="Practice.sample_Test" name="deleteSampleTest" time="0.011"/>
  <system-out/>
</testsuite> <!-- Practice.sample_Test -->
