<?xml version="1.0" encoding="UTF-8"?>
<!-- Generated by org.testng.reporters.JUnitReportReporter -->
<testsuite hostname="DESKTOP-40P37EV" failures="0" tests="1" name="Practice.SampleXlsxFileReader_test" time="0.000" errors="0" timestamp="2022-01-26T20:21:13 IST" skipped="1">
  <testcase classname="Practice.SampleXlsxFileReader_test" name="AddToCartAndBill" time="0.000">
    <skipped/>
  </testcase> <!-- AddToCartAndBill -->
  <system-out/>
</testsuite> <!-- Practice.SampleXlsxFileReader_test -->
