<?xml version="1.0" encoding="UTF-8"?>
<!-- Generated by org.testng.reporters.JUnitReportReporter -->
<testsuite hostname="DESKTOP-40P37EV" failures="0" tests="3" name="Practice.sample1_Test" time="0.015" errors="0" timestamp="2022-01-26T19:12:14 IST" skipped="0">
  <testcase classname="Practice.sample1_Test" name="deleteSampleTest" time="0.002"/>
  <system-out/>
  <testcase classname="Practice.sample1_Test" name="CreateSampleTest" time="0.001"/>
  <system-out/>
  <testcase classname="Practice.sample1_Test" name="ModifySampleTest" time="0.012"/>
  <system-out/>
</testsuite> <!-- Practice.sample1_Test -->
