<?xml version="1.0" encoding="UTF-8"?>
<!-- Generated by org.testng.reporters.JUnitReportReporter -->
<testsuite hostname="DESKTOP-40P37EV" failures="0" tests="2" name="Practice.sampleBefAftmethods_Test" time="0.009" errors="0" timestamp="2022-01-26T21:53:46 IST" skipped="0">
  <testcase classname="Practice.sampleBefAftmethods_Test" name="CreateContactTest" time="0.006"/>
  <system-out/>
  <testcase classname="Practice.sampleBefAftmethods_Test" name="ModifyContactTest" time="0.003"/>
  <system-out/>
</testsuite> <!-- Practice.sampleBefAftmethods_Test -->
