<?xml version="1.0" encoding="UTF-8"?>
<!-- Generated by org.testng.reporters.JUnitReportReporter -->
<testsuite hostname="DESKTOP-40P37EV" failures="0" tests="1" name="com.crm.comcast.orgtest.OrgTNGTest" time="32.725" errors="0" timestamp="2022-01-26T18:01:18 IST" skipped="0">
  <testcase classname="com.crm.comcast.orgtest.OrgTNGTest" name="OrgTNGTest" time="32.725"/>
  <system-out/>
</testsuite> <!-- com.crm.comcast.orgtest.OrgTNGTest -->
