<?xml version="1.0" encoding="UTF-8"?>
<!-- Generated by org.testng.reporters.JUnitReportReporter -->
<testsuite hostname="DESKTOP-40P37EV" failures="0" tests="5" name="Practice.SampleDataProvider_Test" time="0.027" errors="0" timestamp="2022-02-01T23:27:58 IST" skipped="0">
  <testcase classname="Practice.SampleDataProvider_Test" name="AddToCartAndBill" time="0.018"/>
  <system-out/>
  <testcase classname="Practice.SampleDataProvider_Test" name="AddToCartAndBill" time="0.003"/>
  <system-out/>
  <testcase classname="Practice.SampleDataProvider_Test" name="AddToCartAndBill" time="0.002"/>
  <system-out/>
  <testcase classname="Practice.SampleDataProvider_Test" name="AddToCartAndBill" time="0.001"/>
  <system-out/>
  <testcase classname="Practice.SampleDataProvider_Test" name="AddToCartAndBill" time="0.003"/>
  <system-out/>
</testsuite> <!-- Practice.SampleDataProvider_Test -->
