<?xml version="1.0" encoding="UTF-8"?>
<!-- Generated by org.testng.reporters.JUnitReportReporter -->
<testsuite hostname="DESKTOP-40P37EV" failures="0" tests="6" name="Practice.sampleInvo_test" time="0.015" errors="0" timestamp="2022-01-26T19:26:57 IST" skipped="1">
  <testcase classname="Practice.sampleInvo_test" name="deleteSampleTest" time="0.001"/>
  <system-out/>
  <testcase classname="Practice.sampleInvo_test" name="deleteSampleTest" time="0.011"/>
  <system-out/>
  <testcase classname="Practice.sampleInvo_test" name="deleteSampleTest" time="0.001"/>
  <system-out/>
  <testcase classname="Practice.sampleInvo_test" name="deleteSampleTest" time="0.001"/>
  <system-out/>
  <testcase classname="Practice.sampleInvo_test" name="deleteSampleTest" time="0.001"/>
  <system-out/>
  <testcase classname="Practice.sampleInvo_test" name="CreateSampleTest">
    <skipped/>
  </testcase> <!-- CreateSampleTest -->
  <system-out/>
</testsuite> <!-- Practice.sampleInvo_test -->
