<?xml version="1.0" encoding="UTF-8"?>
<!-- Generated by org.testng.reporters.JUnitReportReporter -->
<testsuite hostname="DESKTOP-40P37EV" failures="0" tests="5" name="Practice.SampleDataProvider_Test" time="0.010" errors="0" timestamp="2022-01-26T19:47:18 IST" skipped="0">
  <testcase classname="Practice.SampleDataProvider_Test" name="AddToCartAndBill" time="0.006"/>
  <system-out/>
  <testcase classname="Practice.SampleDataProvider_Test" name="AddToCartAndBill" time="0.001"/>
  <system-out/>
  <testcase classname="Practice.SampleDataProvider_Test" name="AddToCartAndBill" time="0.001"/>
  <system-out/>
  <testcase classname="Practice.SampleDataProvider_Test" name="AddToCartAndBill" time="0.001"/>
  <system-out/>
  <testcase classname="Practice.SampleDataProvider_Test" name="AddToCartAndBill" time="0.001"/>
  <system-out/>
</testsuite> <!-- Practice.SampleDataProvider_Test -->
