<?xml version="1.0" encoding="UTF-8"?>
<!-- Generated by org.testng.reporters.JUnitReportReporter -->
<testsuite hostname="DESKTOP-40P37EV" failures="0" tests="1" name="Practice.DataProvider_Asnmt" time="10.488" errors="0" timestamp="2022-02-02T19:14:57 IST" skipped="0">
  <testcase classname="Practice.DataProvider_Asnmt" name="OrgData" time="10.488"/>
  <system-out/>
</testsuite> <!-- Practice.DataProvider_Asnmt -->
